running egg_info
creating ../../build/smart_farming_bringup/smart_farming_bringup.egg-info
writing ../../build/smart_farming_bringup/smart_farming_bringup.egg-info/PKG-INFO
writing dependency_links to ../../build/smart_farming_bringup/smart_farming_bringup.egg-info/dependency_links.txt
writing requirements to ../../build/smart_farming_bringup/smart_farming_bringup.egg-info/requires.txt
writing top-level names to ../../build/smart_farming_bringup/smart_farming_bringup.egg-info/top_level.txt
writing manifest file '../../build/smart_farming_bringup/smart_farming_bringup.egg-info/SOURCES.txt'
reading manifest file '../../build/smart_farming_bringup/smart_farming_bringup.egg-info/SOURCES.txt'
adding license file 'LICENSE'
writing manifest file '../../build/smart_farming_bringup/smart_farming_bringup.egg-info/SOURCES.txt'
running build
running build_py
creating /home/parallels/smart-farming-robot/ros2_ws/build/smart_farming_bringup/build
creating /home/parallels/smart-farming-robot/ros2_ws/build/smart_farming_bringup/build/lib
creating /home/parallels/smart-farming-robot/ros2_ws/build/smart_farming_bringup/build/lib/smart_farming_bringup
copying smart_farming_bringup/__init__.py -> /home/parallels/smart-farming-robot/ros2_ws/build/smart_farming_bringup/build/lib/smart_farming_bringup
running install
running install_lib
creating /home/parallels/smart-farming-robot/ros2_ws/install/smart_farming_bringup/lib/python3.12/site-packages/smart_farming_bringup
copying /home/parallels/smart-farming-robot/ros2_ws/build/smart_farming_bringup/build/lib/smart_farming_bringup/__init__.py -> /home/parallels/smart-farming-robot/ros2_ws/install/smart_farming_bringup/lib/python3.12/site-packages/smart_farming_bringup
byte-compiling /home/parallels/smart-farming-robot/ros2_ws/install/smart_farming_bringup/lib/python3.12/site-packages/smart_farming_bringup/__init__.py to __init__.cpython-312.pyc
running install_data
creating /home/parallels/smart-farming-robot/ros2_ws/install/smart_farming_bringup/share/ament_index
creating /home/parallels/smart-farming-robot/ros2_ws/install/smart_farming_bringup/share/ament_index/resource_index
creating /home/parallels/smart-farming-robot/ros2_ws/install/smart_farming_bringup/share/ament_index/resource_index/packages
copying resource/smart_farming_bringup -> /home/parallels/smart-farming-robot/ros2_ws/install/smart_farming_bringup/share/ament_index/resource_index/packages
copying package.xml -> /home/parallels/smart-farming-robot/ros2_ws/install/smart_farming_bringup/share/smart_farming_bringup
running install_egg_info
Copying ../../build/smart_farming_bringup/smart_farming_bringup.egg-info to /home/parallels/smart-farming-robot/ros2_ws/install/smart_farming_bringup/lib/python3.12/site-packages/smart_farming_bringup-0.0.0-py3.12.egg-info
running install_scripts
writing list of installed files to '/home/parallels/smart-farming-robot/ros2_ws/build/smart_farming_bringup/install.log'
