[0.591s] Invoking command in '/home/parallels/smart-farming-robot/ros2_ws/src/smart_farming_bringup': DEBUGINFOD_URLS=https://debuginfod.ubuntu.com PYTHONPATH=/home/parallels/smart-farming-robot/ros2_ws/build/smart_farming_bringup/prefix_override:/usr/lib/python3/dist-packages/colcon_core/task/python/colcon_distutils_commands:/home/parallels/smart-farming-robot/ros2_ws/install/smart_farming_bringup/lib/python3.12/site-packages:${PYTHONPATH} /usr/bin/python3 -W ignore:setup.py install is deprecated -W ignore:easy_install command is deprecated setup.py egg_info --egg-base ../../build/smart_farming_bringup build --build-base /home/parallels/smart-farming-robot/ros2_ws/build/smart_farming_bringup/build install --record /home/parallels/smart-farming-robot/ros2_ws/build/smart_farming_bringup/install.log --install-scripts $base/lib/smart_farming_bringup --single-version-externally-managed install_data
[0.700s] running egg_info
[0.700s] creating ../../build/smart_farming_bringup/smart_farming_bringup.egg-info
[0.706s] writing ../../build/smart_farming_bringup/smart_farming_bringup.egg-info/PKG-INFO
[0.706s] writing dependency_links to ../../build/smart_farming_bringup/smart_farming_bringup.egg-info/dependency_links.txt
[0.707s] writing requirements to ../../build/smart_farming_bringup/smart_farming_bringup.egg-info/requires.txt
[0.707s] writing top-level names to ../../build/smart_farming_bringup/smart_farming_bringup.egg-info/top_level.txt
[0.707s] writing manifest file '../../build/smart_farming_bringup/smart_farming_bringup.egg-info/SOURCES.txt'
[0.721s] reading manifest file '../../build/smart_farming_bringup/smart_farming_bringup.egg-info/SOURCES.txt'
[0.721s] adding license file 'LICENSE'
[0.721s] writing manifest file '../../build/smart_farming_bringup/smart_farming_bringup.egg-info/SOURCES.txt'
[0.721s] running build
[0.721s] running build_py
[0.721s] creating /home/parallels/smart-farming-robot/ros2_ws/build/smart_farming_bringup/build
[0.721s] creating /home/parallels/smart-farming-robot/ros2_ws/build/smart_farming_bringup/build/lib
[0.721s] creating /home/parallels/smart-farming-robot/ros2_ws/build/smart_farming_bringup/build/lib/smart_farming_bringup
[0.721s] copying smart_farming_bringup/__init__.py -> /home/parallels/smart-farming-robot/ros2_ws/build/smart_farming_bringup/build/lib/smart_farming_bringup
[0.721s] running install
[0.725s] running install_lib
[0.731s] creating /home/parallels/smart-farming-robot/ros2_ws/install/smart_farming_bringup/lib/python3.12/site-packages/smart_farming_bringup
[0.731s] copying /home/parallels/smart-farming-robot/ros2_ws/build/smart_farming_bringup/build/lib/smart_farming_bringup/__init__.py -> /home/parallels/smart-farming-robot/ros2_ws/install/smart_farming_bringup/lib/python3.12/site-packages/smart_farming_bringup
[0.732s] byte-compiling /home/parallels/smart-farming-robot/ros2_ws/install/smart_farming_bringup/lib/python3.12/site-packages/smart_farming_bringup/__init__.py to __init__.cpython-312.pyc
[0.732s] running install_data
[0.732s] creating /home/parallels/smart-farming-robot/ros2_ws/install/smart_farming_bringup/share/ament_index
[0.732s] creating /home/parallels/smart-farming-robot/ros2_ws/install/smart_farming_bringup/share/ament_index/resource_index
[0.732s] creating /home/parallels/smart-farming-robot/ros2_ws/install/smart_farming_bringup/share/ament_index/resource_index/packages
[0.732s] copying resource/smart_farming_bringup -> /home/parallels/smart-farming-robot/ros2_ws/install/smart_farming_bringup/share/ament_index/resource_index/packages
[0.732s] copying package.xml -> /home/parallels/smart-farming-robot/ros2_ws/install/smart_farming_bringup/share/smart_farming_bringup
[0.732s] running install_egg_info
[0.739s] Copying ../../build/smart_farming_bringup/smart_farming_bringup.egg-info to /home/parallels/smart-farming-robot/ros2_ws/install/smart_farming_bringup/lib/python3.12/site-packages/smart_farming_bringup-0.0.0-py3.12.egg-info
[0.740s] running install_scripts
[0.790s] writing list of installed files to '/home/parallels/smart-farming-robot/ros2_ws/build/smart_farming_bringup/install.log'
[0.803s] Invoked command in '/home/parallels/smart-farming-robot/ros2_ws/src/smart_farming_bringup' returned '0': DEBUGINFOD_URLS=https://debuginfod.ubuntu.com PYTHONPATH=/home/parallels/smart-farming-robot/ros2_ws/build/smart_farming_bringup/prefix_override:/usr/lib/python3/dist-packages/colcon_core/task/python/colcon_distutils_commands:/home/parallels/smart-farming-robot/ros2_ws/install/smart_farming_bringup/lib/python3.12/site-packages:${PYTHONPATH} /usr/bin/python3 -W ignore:setup.py install is deprecated -W ignore:easy_install command is deprecated setup.py egg_info --egg-base ../../build/smart_farming_bringup build --build-base /home/parallels/smart-farming-robot/ros2_ws/build/smart_farming_bringup/build install --record /home/parallels/smart-farming-robot/ros2_ws/build/smart_farming_bringup/install.log --install-scripts $base/lib/smart_farming_bringup --single-version-externally-managed install_data
